Using pre-set license
Built from '2021.1/staging' branch; Version is '2021.1.6f1 (c0fade0cc7e9) revision 12647134'; Using compiler version '192528614'; Build Type 'Release'
OS: 'Windows 10 Pro; OS build 19042.985; Version 2009; 64bit' Language: 'en' Physical Memory: 24494 MB
BatchMode: 1, IsHumanControllingUs: 0, StartBugReporterOnCrash: 0, Is64bit: 1, IsPro: 0

 COMMAND LINE ARGUMENTS:
C:\Program Files\Unity\Hub\Editor\2021.1.6f1\Editor\Unity.exe
-adb2
-batchMode
-noUpm
-name
AssetImportWorker0
-projectPath
C:/unity/welder
-logFile
Logs/AssetImportWorker0.log
-srvPort
51993
Successfully changed project path to: C:/unity/welder
C:/unity/welder
Using Asset Import Pipeline V2.
Refreshing native plugins compatible for Editor in 92.17 ms, found 4 plugins.
Preloading 1 native plugins for Editor in 0.97 ms.
Initialize engine version: 2021.1.6f1 (c0fade0cc7e9)
[Subsystems] Discovering subsystems at path C:/Program Files/Unity/Hub/Editor/2021.1.6f1/Editor/Data/Resources/UnitySubsystems
[Subsystems] Discovering subsystems at path C:/unity/welder/Assets
GfxDevice: creating device client; threaded=0; jobified=0
Direct3D:
    Version:  Direct3D 11.0 [level 11.1]
    Renderer: NVIDIA GeForce GTX 1080 (ID=0x1b80)
    Vendor:   NVIDIA
    VRAM:     8079 MB
    Driver:   27.21.14.6079
Initialize mono
Mono path[0] = 'C:/Program Files/Unity/Hub/Editor/2021.1.6f1/Editor/Data/Managed'
Mono path[1] = 'C:/Program Files/Unity/Hub/Editor/2021.1.6f1/Editor/Data/MonoBleedingEdge/lib/mono/unityjit'
Mono config path = 'C:/Program Files/Unity/Hub/Editor/2021.1.6f1/Editor/Data/MonoBleedingEdge/etc'
Using monoOptions --debugger-agent=transport=dt_socket,embedding=1,server=y,suspend=n,address=127.0.0.1:56600
Begin MonoManager ReloadAssembly
Registering precompiled unity dll's ...
Register platform support module: C:/Program Files/Unity/Hub/Editor/2021.1.6f1/Editor/Data/PlaybackEngines/WebGLSupport/UnityEditor.WebGL.Extensions.dll
Register platform support module: C:/Program Files/Unity/Hub/Editor/2021.1.6f1/Editor/Data/PlaybackEngines/WindowsStandaloneSupport/UnityEditor.WindowsStandalone.Extensions.dll
Registered in 0.002871 seconds.
Native extension for WindowsStandalone target not found
Native extension for WebGL target not found
Refreshing native plugins compatible for Editor in 92.55 ms, found 4 plugins.
Preloading 1 native plugins for Editor in 0.12 ms.
Mono: successfully reloaded assembly
- Completed reload, in  1.855 seconds
Platform modules already initialized, skipping
Registering precompiled user dll's ...
Registered in 0.005084 seconds.
Begin MonoManager ReloadAssembly
Native extension for WindowsStandalone target not found
Native extension for WebGL target not found
Refreshing native plugins compatible for Editor in 88.08 ms, found 4 plugins.
Preloading 1 native plugins for Editor in 0.11 ms.
[XR] OculusXRPlugin: registering subsystems
[XR] Unable to register display lifecyle provider: [1]
[XR] Oculus Input lifecycle provider registered.
[XR] Unable to register input lifecyle provider: [1]
NullReferenceException: Object reference not set to an instance of an object
  at Unity.XR.Oculus.OculusLoader.AssetPathToAbsolutePath (System.String assetPath) [0x00048] in C:\unity\welder\Library\PackageCache\com.unity.xr.oculus@1.9.1\Runtime\OculusLoader.cs:249 
  at Unity.XR.Oculus.OculusLoader.EditorLoadOVRPlugin () [0x0007b] in C:\unity\welder\Library\PackageCache\com.unity.xr.oculus@1.9.1\Runtime\OculusLoader.cs:234 

(Filename: Library/PackageCache/com.unity.xr.oculus@1.9.1/Runtime/OculusLoader.cs Line: 249)

Mono: successfully reloaded assembly
- Completed reload, in  1.124 seconds
Platform modules already initialized, skipping
========================================================================
Worker process is ready to serve import requests
Launched and connected shader compiler UnityShaderCompiler.exe after 0.04 seconds
Refreshing native plugins compatible for Editor in 0.95 ms, found 4 plugins.
Preloading 1 native plugins for Editor in 0.09 ms.
Unloading 3248 Unused Serialized files (Serialized files now loaded: 0)
System memory in use before: 196.4 MB.
System memory in use after: 196.6 MB.

Unloading 19 unused Assets to reduce memory usage. Loaded Objects now: 3711.
Total: 2.298000 ms (FindLiveObjects: 0.258600 ms CreateObjectMapping: 0.191300 ms MarkObjects: 1.773900 ms  DeleteObjects: 0.073300 ms)

========================================================================
Received Import Request.
  path: Assets/JMO Assets/Cartoon FX Remaster/CFXR Demo.unity
  artifactKey: Guid(c750886f96ff8054a9fed840e76823ed) Importer(815301076,1909f56bfc062723c751e8b465ee728b)
Start importing Assets/JMO Assets/Cartoon FX Remaster/CFXR Demo.unity using Guid(c750886f96ff8054a9fed840e76823ed) Importer(815301076,1909f56bfc062723c751e8b465ee728b)  -> (artifact id: 'bde5cf067a60336e14d57cd5af8921f0') in 0.017078 seconds 
========================================================================
Received Import Request.
  Time since last request: 0.000228 seconds.
  path: Assets/JMO Assets/Cartoon FX Remaster
  artifactKey: Guid(b56551e9e3ab84e4180b7b30c06ff232) Importer(815301076,1909f56bfc062723c751e8b465ee728b)
Start importing Assets/JMO Assets/Cartoon FX Remaster using Guid(b56551e9e3ab84e4180b7b30c06ff232) Importer(815301076,1909f56bfc062723c751e8b465ee728b)  -> (artifact id: 'dc8061013bae450f9bd07bcd2fbb8864') in 0.006465 seconds 
========================================================================
Received Import Request.
  Time since last request: 24.815514 seconds.
  path: Assets/JMO Assets/Cartoon FX Remaster/Demo Assets
  artifactKey: Guid(c9737c8fe9e6c324aa8c8ae9355a85ec) Importer(815301076,1909f56bfc062723c751e8b465ee728b)
Start importing Assets/JMO Assets/Cartoon FX Remaster/Demo Assets using Guid(c9737c8fe9e6c324aa8c8ae9355a85ec) Importer(815301076,1909f56bfc062723c751e8b465ee728b)  -> (artifact id: 'd6868ca287e039e538493297d1daf405') in 0.007602 seconds 
========================================================================
Received Import Request.
  Time since last request: 0.066585 seconds.
  path: Assets/JMO Assets/Cartoon FX Remaster/Demo Assets/CFXR Demo Ground.mat
  artifactKey: Guid(1b0a70d23ec355549b20971e4759e119) Importer(815301076,1909f56bfc062723c751e8b465ee728b)
Start importing Assets/JMO Assets/Cartoon FX Remaster/Demo Assets/CFXR Demo Ground.mat using Guid(1b0a70d23ec355549b20971e4759e119) Importer(815301076,1909f56bfc062723c751e8b465ee728b)  -> (artifact id: '40063e9bf1e9ec5cb1e083ce55103e07') in 0.152864 seconds 
========================================================================
Received Import Request.
  Time since last request: 0.000297 seconds.
  path: Assets/JMO Assets/Cartoon FX Remaster/Demo Assets/CFXR Demo.asmdef
  artifactKey: Guid(b16f2517c64fb4c43848850704aba72e) Importer(815301076,1909f56bfc062723c751e8b465ee728b)
Start importing Assets/JMO Assets/Cartoon FX Remaster/Demo Assets/CFXR Demo.asmdef using Guid(b16f2517c64fb4c43848850704aba72e) Importer(815301076,1909f56bfc062723c751e8b465ee728b)  -> (artifact id: '1c1990cfd77777605b70f8edb59d4c7b') in 0.008487 seconds 
========================================================================
Received Import Request.
  Time since last request: 3.264400 seconds.
  path: Assets/Scenes
  artifactKey: Guid(f2020a1f5b3faa24f891067909c85af4) Importer(815301076,1909f56bfc062723c751e8b465ee728b)
Start importing Assets/Scenes using Guid(f2020a1f5b3faa24f891067909c85af4) Importer(815301076,1909f56bfc062723c751e8b465ee728b)  -> (artifact id: '683e1bd6f9f306ceb98cc8644d004f9b') in 0.006742 seconds 
========================================================================
Received Import Request.
  Time since last request: 0.587643 seconds.
  path: Assets/Scenes/SampleScene.unity
  artifactKey: Guid(9fc0d4010bbf28b4594072e72b8655ab) Importer(815301076,1909f56bfc062723c751e8b465ee728b)
Start importing Assets/Scenes/SampleScene.unity using Guid(9fc0d4010bbf28b4594072e72b8655ab) Importer(815301076,1909f56bfc062723c751e8b465ee728b)  -> (artifact id: 'cfec1994df47dbab82d343d6df4d4f38') in 0.007654 seconds 
========================================================================
Received Import Request.
  Time since last request: 53.750679 seconds.
  path: Assets/JMO Assets/Cartoon FX (legacy)
  artifactKey: Guid(3861cbb389425a741ba3ba2303753b12) Importer(815301076,1909f56bfc062723c751e8b465ee728b)
Start importing Assets/JMO Assets/Cartoon FX (legacy) using Guid(3861cbb389425a741ba3ba2303753b12) Importer(815301076,1909f56bfc062723c751e8b465ee728b)  -> (artifact id: 'b23feb3e6f0f84e8f9c68de2d6d2f967') in 0.007260 seconds 
========================================================================
Received Import Request.
  Time since last request: 1.406872 seconds.
  path: Assets/JMO Assets/Cartoon FX (legacy)/CFX Prefabs (Mobile)
  artifactKey: Guid(d461a53a06299a545950f98de1c9b6b8) Importer(815301076,1909f56bfc062723c751e8b465ee728b)
Start importing Assets/JMO Assets/Cartoon FX (legacy)/CFX Prefabs (Mobile) using Guid(d461a53a06299a545950f98de1c9b6b8) Importer(815301076,1909f56bfc062723c751e8b465ee728b)  -> (artifact id: '553bf05296e37d6dcdf17368e43ebcfb') in 0.006867 seconds 
========================================================================
Received Import Request.
  Time since last request: 2.665728 seconds.
  path: Assets/JMO Assets/Cartoon FX (legacy)/CFX Prefabs (Mobile)/Electric
  artifactKey: Guid(db01c8701c516db41b7113638dde6f1f) Importer(815301076,1909f56bfc062723c751e8b465ee728b)
Start importing Assets/JMO Assets/Cartoon FX (legacy)/CFX Prefabs (Mobile)/Electric using Guid(db01c8701c516db41b7113638dde6f1f) Importer(815301076,1909f56bfc062723c751e8b465ee728b)  -> (artifact id: 'fe9664d0cdfa15912f19534735b9897c') in 0.007044 seconds 
========================================================================
Received Import Request.
  Time since last request: 0.040938 seconds.
  path: Assets/JMO Assets/Cartoon FX (legacy)/CFX Prefabs (Mobile)/Electric/CFXM_ElectricGround.prefab
  artifactKey: Guid(f71e7641f4394c44095cabfbc0c46ef9) Importer(815301076,1909f56bfc062723c751e8b465ee728b)
Start importing Assets/JMO Assets/Cartoon FX (legacy)/CFX Prefabs (Mobile)/Electric/CFXM_ElectricGround.prefab using Guid(f71e7641f4394c44095cabfbc0c46ef9) Importer(815301076,1909f56bfc062723c751e8b465ee728b)  -> (artifact id: 'cc9821eeb925b2c12fe96bc31a50ffe6') in 0.015998 seconds 
========================================================================
Received Import Request.
  Time since last request: 0.000289 seconds.
  path: Assets/JMO Assets/Cartoon FX (legacy)/CFX Prefabs (Mobile)/Electric/CFXM_ElectricityBolt+Text.prefab
  artifactKey: Guid(3c16aced58550a143b591643a1697d92) Importer(815301076,1909f56bfc062723c751e8b465ee728b)
Start importing Assets/JMO Assets/Cartoon FX (legacy)/CFX Prefabs (Mobile)/Electric/CFXM_ElectricityBolt+Text.prefab using Guid(3c16aced58550a143b591643a1697d92) Importer(815301076,1909f56bfc062723c751e8b465ee728b)  -> (artifact id: '63f7b169d4d84fa5754e1a59d64da804') in 0.010052 seconds 
========================================================================
Received Import Request.
  Time since last request: 0.000304 seconds.
  path: Assets/JMO Assets/Cartoon FX (legacy)/CFX Prefabs (Mobile)/Electric/CFXM_ThunderboltExplosion.prefab
  artifactKey: Guid(49c2c4f83125f374f83034d3039071a3) Importer(815301076,1909f56bfc062723c751e8b465ee728b)
Start importing Assets/JMO Assets/Cartoon FX (legacy)/CFX Prefabs (Mobile)/Electric/CFXM_ThunderboltExplosion.prefab using Guid(49c2c4f83125f374f83034d3039071a3) Importer(815301076,1909f56bfc062723c751e8b465ee728b)  -> (artifact id: '3d88cb277cf123c608d593592814f778') in 0.010262 seconds 
========================================================================
Received Import Request.
  Time since last request: 0.000287 seconds.
  path: Assets/JMO Assets/Cartoon FX (legacy)/CFX Prefabs (Mobile)/Electric/CFXM_Thunderbolt.prefab
  artifactKey: Guid(54d0c49d87986664c800de1f55be9587) Importer(815301076,1909f56bfc062723c751e8b465ee728b)
Start importing Assets/JMO Assets/Cartoon FX (legacy)/CFX Prefabs (Mobile)/Electric/CFXM_Thunderbolt.prefab using Guid(54d0c49d87986664c800de1f55be9587) Importer(815301076,1909f56bfc062723c751e8b465ee728b)  -> (artifact id: 'f1286c8e3fa75bc73280aa3bd27e71a9') in 0.009014 seconds 
========================================================================
Received Import Request.
  Time since last request: 0.000329 seconds.
  path: Assets/JMO Assets/Cartoon FX (legacy)/CFX Prefabs (Mobile)/Electric/CFXM_ElectricMesh.prefab
  artifactKey: Guid(7ebfa53bee9bf514c908752626f3c27d) Importer(815301076,1909f56bfc062723c751e8b465ee728b)
Start importing Assets/JMO Assets/Cartoon FX (legacy)/CFX Prefabs (Mobile)/Electric/CFXM_ElectricMesh.prefab using Guid(7ebfa53bee9bf514c908752626f3c27d) Importer(815301076,1909f56bfc062723c751e8b465ee728b)  -> (artifact id: '2b3d8f73b89df0f78f35baeec7171cb4') in 0.008644 seconds 
========================================================================
Received Import Request.
  Time since last request: 0.000262 seconds.
  path: Assets/JMO Assets/Cartoon FX (legacy)/CFX Prefabs (Mobile)/Electric/CFXM_ElectricityBolt.prefab
  artifactKey: Guid(784190dcb0c7afb42bb24fa5770e6016) Importer(815301076,1909f56bfc062723c751e8b465ee728b)
Start importing Assets/JMO Assets/Cartoon FX (legacy)/CFX Prefabs (Mobile)/Electric/CFXM_ElectricityBolt.prefab using Guid(784190dcb0c7afb42bb24fa5770e6016) Importer(815301076,1909f56bfc062723c751e8b465ee728b)  -> (artifact id: '77a3b9ad0f2a2056281f0b7b04bcec07') in 0.009050 seconds 
========================================================================
Received Import Request.
  Time since last request: 0.000282 seconds.
  path: Assets/JMO Assets/Cartoon FX (legacy)/CFX Prefabs (Mobile)/Electric/CFXM_ElectricityBall_Alt.prefab
  artifactKey: Guid(142ce46be99f13149b966a27928fe6e9) Importer(815301076,1909f56bfc062723c751e8b465ee728b)
Start importing Assets/JMO Assets/Cartoon FX (legacy)/CFX Prefabs (Mobile)/Electric/CFXM_ElectricityBall_Alt.prefab using Guid(142ce46be99f13149b966a27928fe6e9) Importer(815301076,1909f56bfc062723c751e8b465ee728b)  -> (artifact id: '4790a58a3d5cf5ecccb69f3fe13d3a68') in 0.009201 seconds 
========================================================================
Received Import Request.
  Time since last request: 0.000286 seconds.
  path: Assets/JMO Assets/Cartoon FX (legacy)/CFX Prefabs (Mobile)/Electric/CFXM_ElectricityBall.prefab
  artifactKey: Guid(0a8f0138979026948830f1a9dbe60763) Importer(815301076,1909f56bfc062723c751e8b465ee728b)
Start importing Assets/JMO Assets/Cartoon FX (legacy)/CFX Prefabs (Mobile)/Electric/CFXM_ElectricityBall.prefab using Guid(0a8f0138979026948830f1a9dbe60763) Importer(815301076,1909f56bfc062723c751e8b465ee728b)  -> (artifact id: 'cd3e9fa0cfb40d1d4b61c529aa529075') in 0.008282 seconds 
========================================================================
Received Import Request.
  Time since last request: 1.039261 seconds.
  path: Assets/JMO Assets/Cartoon FX (legacy)/Materials (Mobile)/Animated/CFXM_Anim_Electricity_Add.mat
  artifactKey: Guid(241162cab21b3a24489698fc154590ab) Importer(815301076,1909f56bfc062723c751e8b465ee728b)
Start importing Assets/JMO Assets/Cartoon FX (legacy)/Materials (Mobile)/Animated/CFXM_Anim_Electricity_Add.mat using Guid(241162cab21b3a24489698fc154590ab) Importer(815301076,1909f56bfc062723c751e8b465ee728b)  -> (artifact id: '88011bbb53e0b67727966fc77e181294') in 0.014032 seconds 
========================================================================
Received Import Request.
  Time since last request: 4.004860 seconds.
  path: Assets/JMO Assets/Cartoon FX Easy Editor
  artifactKey: Guid(7a7171bf41aeb6949b08451fbcd42dd7) Importer(815301076,1909f56bfc062723c751e8b465ee728b)
Start importing Assets/JMO Assets/Cartoon FX Easy Editor using Guid(7a7171bf41aeb6949b08451fbcd42dd7) Importer(815301076,1909f56bfc062723c751e8b465ee728b)  -> (artifact id: '6f809c37ebb6b848f97257d3050490b0') in 0.006907 seconds 
========================================================================
Received Import Request.
  Time since last request: 1.120947 seconds.
  path: Assets/JMO Assets/Cartoon FX Easy Editor/Editor
  artifactKey: Guid(ef74fe7f8dfc6894481d107231650819) Importer(815301076,1909f56bfc062723c751e8b465ee728b)
Start importing Assets/JMO Assets/Cartoon FX Easy Editor/Editor using Guid(ef74fe7f8dfc6894481d107231650819) Importer(815301076,1909f56bfc062723c751e8b465ee728b)  -> (artifact id: '12e3147e9e6a7861a2cbbb44352c40d8') in 0.006726 seconds 
========================================================================
Received Import Request.
  Time since last request: 2.509422 seconds.
  path: Assets/JMO Assets/Cartoon FX Remaster/CFXR Assets
  artifactKey: Guid(bd9d1d014bf0b14428db03b2527d2d93) Importer(815301076,1909f56bfc062723c751e8b465ee728b)
Start importing Assets/JMO Assets/Cartoon FX Remaster/CFXR Assets using Guid(bd9d1d014bf0b14428db03b2527d2d93) Importer(815301076,1909f56bfc062723c751e8b465ee728b)  -> (artifact id: '61bf3d3a7207b6e51b6dc5b074d11dd5') in 0.006425 seconds 
========================================================================
Received Import Request.
  Time since last request: 2.785814 seconds.
  path: Assets/JMO Assets/Cartoon FX Remaster/CFXR Prefabs
  artifactKey: Guid(2e1fe2dd1f94ef34ba9fc619aa707bf0) Importer(815301076,1909f56bfc062723c751e8b465ee728b)
Start importing Assets/JMO Assets/Cartoon FX Remaster/CFXR Prefabs using Guid(2e1fe2dd1f94ef34ba9fc619aa707bf0) Importer(815301076,1909f56bfc062723c751e8b465ee728b)  -> (artifact id: '0c6ebf67d7b2ecd7feb5b752656bb5b9') in 0.006475 seconds 
========================================================================
Received Import Request.
  Time since last request: 0.795436 seconds.
  path: Assets/JMO Assets/Cartoon FX Remaster/CFXR Prefabs/Electric
  artifactKey: Guid(db52fee3f874eaf41b3eeab4dc75603c) Importer(815301076,1909f56bfc062723c751e8b465ee728b)
Start importing Assets/JMO Assets/Cartoon FX Remaster/CFXR Prefabs/Electric using Guid(db52fee3f874eaf41b3eeab4dc75603c) Importer(815301076,1909f56bfc062723c751e8b465ee728b)  -> (artifact id: 'd50252c18a6ddcc3451476f22186adb3') in 0.002834 seconds 
========================================================================
Received Import Request.
  Time since last request: 0.055798 seconds.
  path: Assets/JMO Assets/Cartoon FX Remaster/CFXR Prefabs/Electric/CFXR Electric Barrier (HDR).prefab
  artifactKey: Guid(585567686b71fe5458e91550e1154860) Importer(815301076,1909f56bfc062723c751e8b465ee728b)
Start importing Assets/JMO Assets/Cartoon FX Remaster/CFXR Prefabs/Electric/CFXR Electric Barrier (HDR).prefab using Guid(585567686b71fe5458e91550e1154860) Importer(815301076,1909f56bfc062723c751e8b465ee728b)  -> (artifact id: '6c55f229b797a4b1a1644248e372a85b') in 0.011685 seconds 
========================================================================
Received Import Request.
  Time since last request: 0.000285 seconds.
  path: Assets/JMO Assets/Cartoon FX Remaster/CFXR Prefabs/Electric/CFXR Lightning Strike + Impact.prefab
  artifactKey: Guid(334ccdade87a4194b9f1855c484967dc) Importer(815301076,1909f56bfc062723c751e8b465ee728b)
Start importing Assets/JMO Assets/Cartoon FX Remaster/CFXR Prefabs/Electric/CFXR Lightning Strike + Impact.prefab using Guid(334ccdade87a4194b9f1855c484967dc) Importer(815301076,1909f56bfc062723c751e8b465ee728b)  -> (artifact id: 'f835d2ee77d19dd0447576b9bf06b818') in 0.010141 seconds 
========================================================================
Received Import Request.
  Time since last request: 0.000276 seconds.
  path: Assets/JMO Assets/Cartoon FX Remaster/CFXR Prefabs/Electric/CFXR Electric Barrier Simple (HDR).prefab
  artifactKey: Guid(e2bcbfe255630d940a1c29c71f4af76f) Importer(815301076,1909f56bfc062723c751e8b465ee728b)
Start importing Assets/JMO Assets/Cartoon FX Remaster/CFXR Prefabs/Electric/CFXR Electric Barrier Simple (HDR).prefab using Guid(e2bcbfe255630d940a1c29c71f4af76f) Importer(815301076,1909f56bfc062723c751e8b465ee728b)  -> (artifact id: 'e675e6f26d06ae4f3e44f32c1e54dd6a') in 0.009012 seconds 
========================================================================
Received Import Request.
  Time since last request: 0.000236 seconds.
  path: Assets/JMO Assets/Cartoon FX Remaster/CFXR Prefabs/Electric/CFXR Electric Explosion.prefab
  artifactKey: Guid(e9459def1a517a24ba482f9e639df7ff) Importer(815301076,1909f56bfc062723c751e8b465ee728b)
Start importing Assets/JMO Assets/Cartoon FX Remaster/CFXR Prefabs/Electric/CFXR Electric Explosion.prefab using Guid(e9459def1a517a24ba482f9e639df7ff) Importer(815301076,1909f56bfc062723c751e8b465ee728b)  -> (artifact id: '8f7a8515ba6b5ea237e8a9c07123fb58') in 0.009733 seconds 
========================================================================
Received Import Request.
  Time since last request: 0.000235 seconds.
  path: Assets/JMO Assets/Cartoon FX Remaster/CFXR Prefabs/Electric/CFXR Electrified 2.prefab
  artifactKey: Guid(98557619806f23c499c9cdb620a31541) Importer(815301076,1909f56bfc062723c751e8b465ee728b)
Start importing Assets/JMO Assets/Cartoon FX Remaster/CFXR Prefabs/Electric/CFXR Electrified 2.prefab using Guid(98557619806f23c499c9cdb620a31541) Importer(815301076,1909f56bfc062723c751e8b465ee728b)  -> (artifact id: 'fdc028128fb4c685558889d88e0c5a50') in 0.009079 seconds 
========================================================================
Received Import Request.
  Time since last request: 0.000287 seconds.
  path: Assets/JMO Assets/Cartoon FX Remaster/CFXR Prefabs/Electric/CFXR Lightning Impact.prefab
  artifactKey: Guid(42913e44bd86c194f80b76492e6fe2fd) Importer(815301076,1909f56bfc062723c751e8b465ee728b)
Start importing Assets/JMO Assets/Cartoon FX Remaster/CFXR Prefabs/Electric/CFXR Lightning Impact.prefab using Guid(42913e44bd86c194f80b76492e6fe2fd) Importer(815301076,1909f56bfc062723c751e8b465ee728b)  -> (artifact id: 'c6b80b4bda5778da60f2025ea1525dfe') in 0.009113 seconds 
========================================================================
Received Import Request.
  Time since last request: 0.000244 seconds.
  path: Assets/JMO Assets/Cartoon FX Remaster/CFXR Prefabs/Electric/CFXR Electrified 3.prefab
  artifactKey: Guid(effb650189dc5714e9e9801b1cfb3991) Importer(815301076,1909f56bfc062723c751e8b465ee728b)
Start importing Assets/JMO Assets/Cartoon FX Remaster/CFXR Prefabs/Electric/CFXR Electrified 3.prefab using Guid(effb650189dc5714e9e9801b1cfb3991) Importer(815301076,1909f56bfc062723c751e8b465ee728b)  -> (artifact id: '6356d4f5acaf8662aceffba02d1f226f') in 0.008872 seconds 
========================================================================
Received Import Request.
  Time since last request: 0.000273 seconds.
  path: Assets/JMO Assets/Cartoon FX Remaster/CFXR Prefabs/Electric/CFXR Electric Surface 2.prefab
  artifactKey: Guid(963a931d78086b84596ab31e3952a6e2) Importer(815301076,1909f56bfc062723c751e8b465ee728b)
Start importing Assets/JMO Assets/Cartoon FX Remaster/CFXR Prefabs/Electric/CFXR Electric Surface 2.prefab using Guid(963a931d78086b84596ab31e3952a6e2) Importer(815301076,1909f56bfc062723c751e8b465ee728b)  -> (artifact id: '20df80a8c6bbad941beb9d37598200fa') in 0.008643 seconds 
========================================================================
Received Import Request.
  Time since last request: 0.000215 seconds.
  path: Assets/JMO Assets/Cartoon FX Remaster/CFXR Prefabs/Electric/CFXR Electric Surface.prefab
  artifactKey: Guid(ce12f4ba5683e264ca9931fe664aac33) Importer(815301076,1909f56bfc062723c751e8b465ee728b)
Start importing Assets/JMO Assets/Cartoon FX Remaster/CFXR Prefabs/Electric/CFXR Electric Surface.prefab using Guid(ce12f4ba5683e264ca9931fe664aac33) Importer(815301076,1909f56bfc062723c751e8b465ee728b)  -> (artifact id: 'd4c85e02678a7516f28a5df76daec33f') in 0.010097 seconds 
========================================================================
Received Import Request.
  Time since last request: 0.000276 seconds.
  path: Assets/JMO Assets/Cartoon FX Remaster/CFXR Prefabs/Electric/CFXR Electrified 1.prefab
  artifactKey: Guid(0ac8609ed2d2b7a42bd4238838aeeb86) Importer(815301076,1909f56bfc062723c751e8b465ee728b)
Start importing Assets/JMO Assets/Cartoon FX Remaster/CFXR Prefabs/Electric/CFXR Electrified 1.prefab using Guid(0ac8609ed2d2b7a42bd4238838aeeb86) Importer(815301076,1909f56bfc062723c751e8b465ee728b)  -> (artifact id: 'c472e9f4f2f3b94b00d0e44b912106af') in 0.008982 seconds 
========================================================================
Received Import Request.
  Time since last request: 4.285080 seconds.
  path: Assets/JMO Assets/Cartoon FX Remaster/CFXR Assets/Meshes/cfxr particle_electric_arc_2.fbx
  artifactKey: Guid(f6ce39f7cf5788047aa637110fa7ebe1) Importer(815301076,1909f56bfc062723c751e8b465ee728b)
Start importing Assets/JMO Assets/Cartoon FX Remaster/CFXR Assets/Meshes/cfxr particle_electric_arc_2.fbx using Guid(f6ce39f7cf5788047aa637110fa7ebe1) Importer(815301076,1909f56bfc062723c751e8b465ee728b)  -> (artifact id: '27e529f0809cfa41e792a9dd7a8a4af1') in 0.042557 seconds 
========================================================================
Received Import Request.
  Time since last request: 35.498306 seconds.
  path: Assets/JMO Assets/Cartoon FX Remaster/CFXR Assets/Graphics/cfxr electric small anim 4x2 hdr.mat
  artifactKey: Guid(b41c12b9e8d21c442affcda9d5c050f7) Importer(815301076,1909f56bfc062723c751e8b465ee728b)
Start importing Assets/JMO Assets/Cartoon FX Remaster/CFXR Assets/Graphics/cfxr electric small anim 4x2 hdr.mat using Guid(b41c12b9e8d21c442affcda9d5c050f7) Importer(815301076,1909f56bfc062723c751e8b465ee728b)  -> (artifact id: '0c1b45c9bb251fcb3aa28b580aa48ba9') in 0.014691 seconds 
========================================================================
Received Prepare
Registering precompiled user dll's ...
Registered in 0.004636 seconds.
Begin MonoManager ReloadAssembly
Native extension for WindowsStandalone target not found
Native extension for WebGL target not found
Refreshing native plugins compatible for Editor in 0.68 ms, found 4 plugins.
Preloading 1 native plugins for Editor in 0.09 ms.
NullReferenceException: Object reference not set to an instance of an object
  at Unity.XR.Oculus.OculusLoader.AssetPathToAbsolutePath (System.String assetPath) [0x00048] in C:\unity\welder\Library\PackageCache\com.unity.xr.oculus@1.9.1\Runtime\OculusLoader.cs:249 
  at Unity.XR.Oculus.OculusLoader.EditorLoadOVRPlugin () [0x0007b] in C:\unity\welder\Library\PackageCache\com.unity.xr.oculus@1.9.1\Runtime\OculusLoader.cs:234 

(Filename: Library/PackageCache/com.unity.xr.oculus@1.9.1/Runtime/OculusLoader.cs Line: 249)

Mono: successfully reloaded assembly
- Completed reload, in  0.948 seconds
Platform modules already initialized, skipping
Refreshing native plugins compatible for Editor in 1.10 ms, found 4 plugins.
Preloading 1 native plugins for Editor in 0.11 ms.
Unloading 3223 Unused Serialized files (Serialized files now loaded: 0)
System memory in use before: 200.0 MB.
System memory in use after: 200.2 MB.

Unloading 13 unused Assets to reduce memory usage. Loaded Objects now: 3758.
Total: 2.706600 ms (FindLiveObjects: 0.365700 ms CreateObjectMapping: 0.233900 ms MarkObjects: 2.055300 ms  DeleteObjects: 0.050200 ms)

========================================================================
Received Import Request.
  Time since last request: 54.863913 seconds.
  path: Assets/Weld.prefab
  artifactKey: Guid(ca772ec5ff99f57458fdd3dadda00a7d) Importer(815301076,1909f56bfc062723c751e8b465ee728b)
Start importing Assets/Weld.prefab using Guid(ca772ec5ff99f57458fdd3dadda00a7d) Importer(815301076,1909f56bfc062723c751e8b465ee728b)  -> (artifact id: 'af78ef21b9f68b8e9239ed2d8eb2003b') in 0.071586 seconds 
========================================================================
Received Import Request.
  Time since last request: 187.642610 seconds.
  path: Assets/JMO Assets/Cartoon FX Remaster/CFXR Assets/Graphics/cfxr electric sparks hdr ab.mat
  artifactKey: Guid(0aed4f47f3bcce64b83be8b64904bab4) Importer(815301076,1909f56bfc062723c751e8b465ee728b)
Start importing Assets/JMO Assets/Cartoon FX Remaster/CFXR Assets/Graphics/cfxr electric sparks hdr ab.mat using Guid(0aed4f47f3bcce64b83be8b64904bab4) Importer(815301076,1909f56bfc062723c751e8b465ee728b)  -> (artifact id: 'd7b55313f1b9d0276eac51c46e0e5f6e') in 0.030007 seconds 
========================================================================
Received Import Request.
  Time since last request: 5.133755 seconds.
  path: Assets/JMO Assets/Cartoon FX Remaster/CFXR Assets/Graphics/cfxr proc glow soft nosp add.mat
  artifactKey: Guid(f0f171ffe44ba0d41bb931bbefcee094) Importer(815301076,1909f56bfc062723c751e8b465ee728b)
Start importing Assets/JMO Assets/Cartoon FX Remaster/CFXR Assets/Graphics/cfxr proc glow soft nosp add.mat using Guid(f0f171ffe44ba0d41bb931bbefcee094) Importer(815301076,1909f56bfc062723c751e8b465ee728b)  -> (artifact id: '7b197c34060f11628f6e87e3b740c228') in 0.011571 seconds 
========================================================================
Received Import Request.
  Time since last request: 6.008139 seconds.
  path: Assets/JMO Assets/Cartoon FX Remaster/CFXR Assets/Meshes/cfxr particle_electric_arc.fbx
  artifactKey: Guid(192a51b0671a3e949b6876606c3205db) Importer(815301076,1909f56bfc062723c751e8b465ee728b)
Start importing Assets/JMO Assets/Cartoon FX Remaster/CFXR Assets/Meshes/cfxr particle_electric_arc.fbx using Guid(192a51b0671a3e949b6876606c3205db) Importer(815301076,1909f56bfc062723c751e8b465ee728b)  -> (artifact id: 'd70804ade0051bbe2f0f4a1e131a70e0') in 0.049697 seconds 
========================================================================
Received Prepare
Registering precompiled user dll's ...
Registered in 0.005244 seconds.
Begin MonoManager ReloadAssembly
Native extension for WindowsStandalone target not found
Native extension for WebGL target not found
Refreshing native plugins compatible for Editor in 0.83 ms, found 4 plugins.
Preloading 1 native plugins for Editor in 0.11 ms.
NullReferenceException: Object reference not set to an instance of an object
  at Unity.XR.Oculus.OculusLoader.AssetPathToAbsolutePath (System.String assetPath) [0x00048] in C:\unity\welder\Library\PackageCache\com.unity.xr.oculus@1.9.1\Runtime\OculusLoader.cs:249 
  at Unity.XR.Oculus.OculusLoader.EditorLoadOVRPlugin () [0x0007b] in C:\unity\welder\Library\PackageCache\com.unity.xr.oculus@1.9.1\Runtime\OculusLoader.cs:234 

(Filename: Library/PackageCache/com.unity.xr.oculus@1.9.1/Runtime/OculusLoader.cs Line: 249)

Mono: successfully reloaded assembly
- Completed reload, in  1.025 seconds
Platform modules already initialized, skipping
Refreshing native plugins compatible for Editor in 0.81 ms, found 4 plugins.
Preloading 1 native plugins for Editor in 0.09 ms.
Unloading 3223 Unused Serialized files (Serialized files now loaded: 0)
System memory in use before: 200.1 MB.
System memory in use after: 200.3 MB.

Unloading 13 unused Assets to reduce memory usage. Loaded Objects now: 3764.
Total: 2.712500 ms (FindLiveObjects: 0.315300 ms CreateObjectMapping: 0.215800 ms MarkObjects: 2.131800 ms  DeleteObjects: 0.048600 ms)

========================================================================
Received Prepare
Registering precompiled user dll's ...
Registered in 0.004922 seconds.
Begin MonoManager ReloadAssembly
Native extension for WindowsStandalone target not found
Native extension for WebGL target not found
Refreshing native plugins compatible for Editor in 0.70 ms, found 4 plugins.
Preloading 1 native plugins for Editor in 0.08 ms.
NullReferenceException: Object reference not set to an instance of an object
  at Unity.XR.Oculus.OculusLoader.AssetPathToAbsolutePath (System.String assetPath) [0x00048] in C:\unity\welder\Library\PackageCache\com.unity.xr.oculus@1.9.1\Runtime\OculusLoader.cs:249 
  at Unity.XR.Oculus.OculusLoader.EditorLoadOVRPlugin () [0x0007b] in C:\unity\welder\Library\PackageCache\com.unity.xr.oculus@1.9.1\Runtime\OculusLoader.cs:234 

(Filename: Library/PackageCache/com.unity.xr.oculus@1.9.1/Runtime/OculusLoader.cs Line: 249)

Mono: successfully reloaded assembly
- Completed reload, in  0.943 seconds
Platform modules already initialized, skipping
Refreshing native plugins compatible for Editor in 0.69 ms, found 4 plugins.
Preloading 1 native plugins for Editor in 0.08 ms.
Unloading 3223 Unused Serialized files (Serialized files now loaded: 0)
System memory in use before: 200.1 MB.
System memory in use after: 200.4 MB.

Unloading 12 unused Assets to reduce memory usage. Loaded Objects now: 3768.
Total: 2.592700 ms (FindLiveObjects: 0.258400 ms CreateObjectMapping: 0.164700 ms MarkObjects: 2.126400 ms  DeleteObjects: 0.042400 ms)

========================================================================
Received Import Request.
  Time since last request: 106.653373 seconds.
  path: Assets/Weld.prefab
  artifactKey: Guid(ca772ec5ff99f57458fdd3dadda00a7d) Importer(815301076,1909f56bfc062723c751e8b465ee728b)
Start importing Assets/Weld.prefab using Guid(ca772ec5ff99f57458fdd3dadda00a7d) Importer(815301076,1909f56bfc062723c751e8b465ee728b)  -> (artifact id: '269c02cef2985c5506e1b4e39458dc8d') in 0.064629 seconds 
========================================================================
Received Prepare
Registering precompiled user dll's ...
Registered in 0.004600 seconds.
Begin MonoManager ReloadAssembly
Native extension for WindowsStandalone target not found
Native extension for WebGL target not found
Refreshing native plugins compatible for Editor in 0.72 ms, found 4 plugins.
Preloading 1 native plugins for Editor in 0.11 ms.
NullReferenceException: Object reference not set to an instance of an object
  at Unity.XR.Oculus.OculusLoader.AssetPathToAbsolutePath (System.String assetPath) [0x00048] in C:\unity\welder\Library\PackageCache\com.unity.xr.oculus@1.9.1\Runtime\OculusLoader.cs:249 
  at Unity.XR.Oculus.OculusLoader.EditorLoadOVRPlugin () [0x0007b] in C:\unity\welder\Library\PackageCache\com.unity.xr.oculus@1.9.1\Runtime\OculusLoader.cs:234 

(Filename: Library/PackageCache/com.unity.xr.oculus@1.9.1/Runtime/OculusLoader.cs Line: 249)

Mono: successfully reloaded assembly
- Completed reload, in  0.930 seconds
Platform modules already initialized, skipping
Refreshing native plugins compatible for Editor in 0.82 ms, found 4 plugins.
Preloading 1 native plugins for Editor in 0.09 ms.
Unloading 3223 Unused Serialized files (Serialized files now loaded: 0)
System memory in use before: 200.2 MB.
System memory in use after: 200.4 MB.

Unloading 12 unused Assets to reduce memory usage. Loaded Objects now: 3773.
Total: 2.894800 ms (FindLiveObjects: 0.294500 ms CreateObjectMapping: 0.161500 ms MarkObjects: 2.374200 ms  DeleteObjects: 0.063000 ms)

========================================================================
Received Import Request.
  Time since last request: 50.469996 seconds.
  path: Assets/JMO Assets/Cartoon FX (legacy)/Materials (Mobile)
  artifactKey: Guid(01fc95e91d0f654448026509ede3db58) Importer(815301076,1909f56bfc062723c751e8b465ee728b)
Start importing Assets/JMO Assets/Cartoon FX (legacy)/Materials (Mobile) using Guid(01fc95e91d0f654448026509ede3db58) Importer(815301076,1909f56bfc062723c751e8b465ee728b)  -> (artifact id: 'a17b13b8f8b57cb7e3ab99f0f458f61e') in 0.010364 seconds 
========================================================================
Received Import Request.
  Time since last request: 6.065261 seconds.
  path: Assets/JMO Assets/Cartoon FX/CFX Prefabs/Explosions
  artifactKey: Guid(c41f95c98750b744bb429ee2fc6a1d70) Importer(815301076,1909f56bfc062723c751e8b465ee728b)
Start importing Assets/JMO Assets/Cartoon FX/CFX Prefabs/Explosions using Guid(c41f95c98750b744bb429ee2fc6a1d70) Importer(815301076,1909f56bfc062723c751e8b465ee728b)  -> (artifact id: '99b1d1af5b4b2c0ed28bd7fe313e6681') in 0.007470 seconds 
========================================================================
Received Import Request.
  Time since last request: 0.049236 seconds.
  path: Assets/JMO Assets/Cartoon FX/CFX Prefabs/Explosions/CFX_Enemy_Explosion (Colored).prefab
  artifactKey: Guid(cc6e41e2952486045bb23f8319fb10bd) Importer(815301076,1909f56bfc062723c751e8b465ee728b)
Start importing Assets/JMO Assets/Cartoon FX/CFX Prefabs/Explosions/CFX_Enemy_Explosion (Colored).prefab using Guid(cc6e41e2952486045bb23f8319fb10bd) Importer(815301076,1909f56bfc062723c751e8b465ee728b)  -> (artifact id: '86f52d20aecb88e6cdcb8ce57d288c07') in 0.029691 seconds 
========================================================================
Received Import Request.
  Time since last request: 0.000294 seconds.
  path: Assets/JMO Assets/Cartoon FX/CFX Prefabs/Explosions/CFX_Enemy_Explosion.prefab
  artifactKey: Guid(f2cec9fd01e349f418008078bcb2765d) Importer(815301076,1909f56bfc062723c751e8b465ee728b)
Start importing Assets/JMO Assets/Cartoon FX/CFX Prefabs/Explosions/CFX_Enemy_Explosion.prefab using Guid(f2cec9fd01e349f418008078bcb2765d) Importer(815301076,1909f56bfc062723c751e8b465ee728b)  -> (artifact id: 'ceddaa129f41cfa35038581b656bd678') in 0.008747 seconds 
========================================================================
Received Import Request.
  Time since last request: 0.000249 seconds.
  path: Assets/JMO Assets/Cartoon FX/CFX Prefabs/Explosions/CFX_Explosion.prefab
  artifactKey: Guid(8a4aceaf2957c044480166b429f4c7d0) Importer(815301076,1909f56bfc062723c751e8b465ee728b)
Start importing Assets/JMO Assets/Cartoon FX/CFX Prefabs/Explosions/CFX_Explosion.prefab using Guid(8a4aceaf2957c044480166b429f4c7d0) Importer(815301076,1909f56bfc062723c751e8b465ee728b)  -> (artifact id: '3b1d12da2d9364665bf4eec97fff01a5') in 0.009539 seconds 
========================================================================
Received Import Request.
  Time since last request: 0.000279 seconds.
  path: Assets/JMO Assets/Cartoon FX/CFX Prefabs/Explosions/CFX_Explosion+Text NoSmoke.prefab
  artifactKey: Guid(8d8c3ce0a8226854bb5fac9304ec8669) Importer(815301076,1909f56bfc062723c751e8b465ee728b)
Start importing Assets/JMO Assets/Cartoon FX/CFX Prefabs/Explosions/CFX_Explosion+Text NoSmoke.prefab using Guid(8d8c3ce0a8226854bb5fac9304ec8669) Importer(815301076,1909f56bfc062723c751e8b465ee728b)  -> (artifact id: 'd8d1e691fa0f2a92edac037956d5b345') in 0.009018 seconds 
========================================================================
Received Import Request.
  Time since last request: 0.000248 seconds.
  path: Assets/JMO Assets/Cartoon FX/CFX Prefabs/Explosions/CFX_Explosion NoSmoke.prefab
  artifactKey: Guid(e7a1d0bf030dda147bc543bbd59f8608) Importer(815301076,1909f56bfc062723c751e8b465ee728b)
Start importing Assets/JMO Assets/Cartoon FX/CFX Prefabs/Explosions/CFX_Explosion NoSmoke.prefab using Guid(e7a1d0bf030dda147bc543bbd59f8608) Importer(815301076,1909f56bfc062723c751e8b465ee728b)  -> (artifact id: 'f75cfd0ad421a0a3a84740a0bdc182fd') in 0.008237 seconds 
========================================================================
Received Import Request.
  Time since last request: 0.000267 seconds.
  path: Assets/JMO Assets/Cartoon FX/CFX Prefabs/Explosions/CFX_SmokeExplosion.prefab
  artifactKey: Guid(f4eccd837e38e66479c94b552a191d36) Importer(815301076,1909f56bfc062723c751e8b465ee728b)
Start importing Assets/JMO Assets/Cartoon FX/CFX Prefabs/Explosions/CFX_SmokeExplosion.prefab using Guid(f4eccd837e38e66479c94b552a191d36) Importer(815301076,1909f56bfc062723c751e8b465ee728b)  -> (artifact id: '279fd6eba529e273365f2b0152ad6e15') in 0.008743 seconds 
========================================================================
Received Import Request.
  Time since last request: 0.000269 seconds.
  path: Assets/JMO Assets/Cartoon FX/CFX Prefabs/Explosions/CFX_Explosion+Text.prefab
  artifactKey: Guid(e463141fb849fa84eba84b8688640df4) Importer(815301076,1909f56bfc062723c751e8b465ee728b)
Start importing Assets/JMO Assets/Cartoon FX/CFX Prefabs/Explosions/CFX_Explosion+Text.prefab using Guid(e463141fb849fa84eba84b8688640df4) Importer(815301076,1909f56bfc062723c751e8b465ee728b)  -> (artifact id: '474575c46ac4d4ecf87ec9044f4cbc1c') in 0.008583 seconds 
========================================================================
Received Import Request.
  Time since last request: 0.000224 seconds.
  path: Assets/JMO Assets/Cartoon FX/CFX Prefabs/Explosions/CFX_GroundExplosion.prefab
  artifactKey: Guid(c5713b57c62a91248b9c4dcb5d81bc78) Importer(815301076,1909f56bfc062723c751e8b465ee728b)
Start importing Assets/JMO Assets/Cartoon FX/CFX Prefabs/Explosions/CFX_GroundExplosion.prefab using Guid(c5713b57c62a91248b9c4dcb5d81bc78) Importer(815301076,1909f56bfc062723c751e8b465ee728b)  -> (artifact id: '9ec5f000f46fd8c07abcd3a81e46d56f') in 0.009595 seconds 
========================================================================
Received Import Request.
  Time since last request: 0.000263 seconds.
  path: Assets/JMO Assets/Cartoon FX/CFX Prefabs/Explosions/CFX_SmokeExplosionAlt.prefab
  artifactKey: Guid(1b2f8e049c22af2438cac65a921271a6) Importer(815301076,1909f56bfc062723c751e8b465ee728b)
Start importing Assets/JMO Assets/Cartoon FX/CFX Prefabs/Explosions/CFX_SmokeExplosionAlt.prefab using Guid(1b2f8e049c22af2438cac65a921271a6) Importer(815301076,1909f56bfc062723c751e8b465ee728b)  -> (artifact id: '879245fd734881f69656a4ddd4f1111c') in 0.010188 seconds 
========================================================================
Received Import Request.
  Time since last request: 0.000214 seconds.
  path: Assets/JMO Assets/Cartoon FX/CFX Prefabs/Explosions/CFX_Firework_Trails.prefab
  artifactKey: Guid(accd6085d9a335247b10d45b6e6a9399) Importer(815301076,1909f56bfc062723c751e8b465ee728b)
Start importing Assets/JMO Assets/Cartoon FX/CFX Prefabs/Explosions/CFX_Firework_Trails.prefab using Guid(accd6085d9a335247b10d45b6e6a9399) Importer(815301076,1909f56bfc062723c751e8b465ee728b)  -> (artifact id: 'feb6d7229eb9131dbec559b266da0679') in 0.008665 seconds 
========================================================================
Received Import Request.
  Time since last request: 0.000259 seconds.
  path: Assets/JMO Assets/Cartoon FX/CFX Prefabs/Explosions/CFX_Explosion_B+Text.prefab
  artifactKey: Guid(4248653bb6c17194a992d147a16458fc) Importer(815301076,1909f56bfc062723c751e8b465ee728b)
Start importing Assets/JMO Assets/Cartoon FX/CFX Prefabs/Explosions/CFX_Explosion_B+Text.prefab using Guid(4248653bb6c17194a992d147a16458fc) Importer(815301076,1909f56bfc062723c751e8b465ee728b)  -> (artifact id: '52f6dfde22dc6f7b51b3e3686b7d7d61') in 0.008625 seconds 
========================================================================
Received Import Request.
  Time since last request: 0.000264 seconds.
  path: Assets/JMO Assets/Cartoon FX/CFX Prefabs/Explosions/CFX_Firework.prefab
  artifactKey: Guid(128e1d5f8db64394ead123313ecec398) Importer(815301076,1909f56bfc062723c751e8b465ee728b)
Start importing Assets/JMO Assets/Cartoon FX/CFX Prefabs/Explosions/CFX_Firework.prefab using Guid(128e1d5f8db64394ead123313ecec398) Importer(815301076,1909f56bfc062723c751e8b465ee728b)  -> (artifact id: '57c59611040ae8b975e6ea5bb11426f4') in 0.008587 seconds 
========================================================================
Received Import Request.
  Time since last request: 0.000268 seconds.
  path: Assets/JMO Assets/Cartoon FX/CFX Prefabs/Explosions/CFX_Enemy_Explosion_Big.prefab
  artifactKey: Guid(d09eb7e3662b53c4abf3889d45fd69ad) Importer(815301076,1909f56bfc062723c751e8b465ee728b)
Start importing Assets/JMO Assets/Cartoon FX/CFX Prefabs/Explosions/CFX_Enemy_Explosion_Big.prefab using Guid(d09eb7e3662b53c4abf3889d45fd69ad) Importer(815301076,1909f56bfc062723c751e8b465ee728b)  -> (artifact id: '841d9230aa6e28ef5773b44e6c461832') in 0.008317 seconds 
========================================================================
Received Import Request.
  Time since last request: 0.000226 seconds.
  path: Assets/JMO Assets/Cartoon FX/CFX Prefabs/Explosions/CFX_Explosion_B_Smoke+Text.prefab
  artifactKey: Guid(46876a2780737ec45a19d62f88e5ce56) Importer(815301076,1909f56bfc062723c751e8b465ee728b)
Start importing Assets/JMO Assets/Cartoon FX/CFX Prefabs/Explosions/CFX_Explosion_B_Smoke+Text.prefab using Guid(46876a2780737ec45a19d62f88e5ce56) Importer(815301076,1909f56bfc062723c751e8b465ee728b)  -> (artifact id: 'a420af28280998b32e6b998d3f387165') in 0.009046 seconds 
========================================================================
Received Import Request.
  Time since last request: 0.000187 seconds.
  path: Assets/JMO Assets/Cartoon FX/CFX Prefabs/Explosions/CFX_GroundExplosion+Text.prefab
  artifactKey: Guid(907035159fbb8dd4f9731ab21b0ce1bd) Importer(815301076,1909f56bfc062723c751e8b465ee728b)
Start importing Assets/JMO Assets/Cartoon FX/CFX Prefabs/Explosions/CFX_GroundExplosion+Text.prefab using Guid(907035159fbb8dd4f9731ab21b0ce1bd) Importer(815301076,1909f56bfc062723c751e8b465ee728b)  -> (artifact id: 'df81a635aeccf52a369190e0d1e3979f') in 0.009072 seconds 
========================================================================
Received Import Request.
  Time since last request: 0.000218 seconds.
  path: Assets/JMO Assets/Cartoon FX/CFX Prefabs/Explosions/CFX_Enemy_Explosion_Big (Colored).prefab
  artifactKey: Guid(00c65275be49a0a4e8f58a10cd548f0c) Importer(815301076,1909f56bfc062723c751e8b465ee728b)
Start importing Assets/JMO Assets/Cartoon FX/CFX Prefabs/Explosions/CFX_Enemy_Explosion_Big (Colored).prefab using Guid(00c65275be49a0a4e8f58a10cd548f0c) Importer(815301076,1909f56bfc062723c751e8b465ee728b)  -> (artifact id: '30896703aff2c03b4c4b69bcffd8770f') in 0.008013 seconds 
========================================================================
Received Import Request.
  Time since last request: 0.000253 seconds.
  path: Assets/JMO Assets/Cartoon FX/CFX Prefabs/Explosions/CFX_Firework_Trails_Gravity.prefab
  artifactKey: Guid(4adffb0018aeda44e9263f901167af1f) Importer(815301076,1909f56bfc062723c751e8b465ee728b)
Start importing Assets/JMO Assets/Cartoon FX/CFX Prefabs/Explosions/CFX_Firework_Trails_Gravity.prefab using Guid(4adffb0018aeda44e9263f901167af1f) Importer(815301076,1909f56bfc062723c751e8b465ee728b)  -> (artifact id: '4c471186c75ed3b01d01122bbe4237d5') in 0.009234 seconds 
========================================================================
Received Import Request.
  Time since last request: 0.000259 seconds.
  path: Assets/JMO Assets/Cartoon FX/CFX Prefabs/Explosions/CFX_SmallExplosionAlt.prefab
  artifactKey: Guid(2a4d2a4a68e3e1d41afe9474ab4cfff3) Importer(815301076,1909f56bfc062723c751e8b465ee728b)
Start importing Assets/JMO Assets/Cartoon FX/CFX Prefabs/Explosions/CFX_SmallExplosionAlt.prefab using Guid(2a4d2a4a68e3e1d41afe9474ab4cfff3) Importer(815301076,1909f56bfc062723c751e8b465ee728b)  -> (artifact id: '84ae2eda77ea71cc67afaa0916a2d53b') in 0.008373 seconds 
========================================================================
Received Import Request.
  Time since last request: 0.000293 seconds.
  path: Assets/JMO Assets/Cartoon FX/CFX Prefabs/Explosions/CFX_GroundSmokeExplosionAlt.prefab
  artifactKey: Guid(0574a2b4245221a4285b52144dfcc783) Importer(815301076,1909f56bfc062723c751e8b465ee728b)
Start importing Assets/JMO Assets/Cartoon FX/CFX Prefabs/Explosions/CFX_GroundSmokeExplosionAlt.prefab using Guid(0574a2b4245221a4285b52144dfcc783) Importer(815301076,1909f56bfc062723c751e8b465ee728b)  -> (artifact id: 'e30533a2592529858338cbd3c64982a6') in 0.009077 seconds 
========================================================================
Received Import Request.
  Time since last request: 0.000181 seconds.
  path: Assets/JMO Assets/Cartoon FX/CFX Prefabs/Explosions/CFX_SmallExplosion.prefab
  artifactKey: Guid(c6f0dc0eae58dbe4da95e62a8373ad23) Importer(815301076,1909f56bfc062723c751e8b465ee728b)
Start importing Assets/JMO Assets/Cartoon FX/CFX Prefabs/Explosions/CFX_SmallExplosion.prefab using Guid(c6f0dc0eae58dbe4da95e62a8373ad23) Importer(815301076,1909f56bfc062723c751e8b465ee728b)  -> (artifact id: '9614dad9187180d5070da35582fed1bf') in 0.008584 seconds 
========================================================================
Received Import Request.
  Time since last request: 0.000278 seconds.
  path: Assets/JMO Assets/Cartoon FX/CFX Prefabs/Explosions/CFX_Explosion_B.prefab
  artifactKey: Guid(d66753d5d4f468a44a28da452df41667) Importer(815301076,1909f56bfc062723c751e8b465ee728b)
Start importing Assets/JMO Assets/Cartoon FX/CFX Prefabs/Explosions/CFX_Explosion_B.prefab using Guid(d66753d5d4f468a44a28da452df41667) Importer(815301076,1909f56bfc062723c751e8b465ee728b)  -> (artifact id: 'e961ae494229e7271beee1b89de28f41') in 0.008274 seconds 
========================================================================
Received Import Request.
  Time since last request: 0.000245 seconds.
  path: Assets/JMO Assets/Cartoon FX/CFX Prefabs/Explosions/CFX_Explosion_B_Smoke.prefab
  artifactKey: Guid(ea8d4d88d088d504bb062f572c875401) Importer(815301076,1909f56bfc062723c751e8b465ee728b)
Start importing Assets/JMO Assets/Cartoon FX/CFX Prefabs/Explosions/CFX_Explosion_B_Smoke.prefab using Guid(ea8d4d88d088d504bb062f572c875401) Importer(815301076,1909f56bfc062723c751e8b465ee728b)  -> (artifact id: 'd8aea0fd2b5bcafba3cb4fbb3810f731') in 0.008275 seconds 
========================================================================
Received Import Request.
  Time since last request: 0.329879 seconds.
  path: Assets/JMO Assets/Cartoon FX/Materials/Animated/CFX_Anim_Triangle2_AlphaBlendedPremult.mat
  artifactKey: Guid(4d5a52cb18e09b843887aee389016b8d) Importer(815301076,1909f56bfc062723c751e8b465ee728b)
Start importing Assets/JMO Assets/Cartoon FX/Materials/Animated/CFX_Anim_Triangle2_AlphaBlendedPremult.mat using Guid(4d5a52cb18e09b843887aee389016b8d) Importer(815301076,1909f56bfc062723c751e8b465ee728b)  -> (artifact id: 'a7bb8fec2f6cf33e8d0b8aec7c0fcaf1') in 0.048224 seconds 
========================================================================
Received Import Request.
  Time since last request: 24.133859 seconds.
  path: Assets/JMO Assets/Cartoon FX/Materials/Animated/CFX_Anim_Triangle2_Add.mat
  artifactKey: Guid(92089ba5e33f01d418da1bd5ba5c31a6) Importer(815301076,1909f56bfc062723c751e8b465ee728b)
Start importing Assets/JMO Assets/Cartoon FX/Materials/Animated/CFX_Anim_Triangle2_Add.mat using Guid(92089ba5e33f01d418da1bd5ba5c31a6) Importer(815301076,1909f56bfc062723c751e8b465ee728b)  -> (artifact id: '2af2f566f781cac624a32d3a054f06f9') in 0.012654 seconds 
========================================================================
Received Import Request.
  Time since last request: 49.045615 seconds.
  path: Assets/JMO Assets/Cartoon FX/Materials/Animated/CFX_Anim_Bubble_Add.mat
  artifactKey: Guid(503ba37627ac18c4ebe9bbe73d6ea9ad) Importer(815301076,1909f56bfc062723c751e8b465ee728b)
Start importing Assets/JMO Assets/Cartoon FX/Materials/Animated/CFX_Anim_Bubble_Add.mat using Guid(503ba37627ac18c4ebe9bbe73d6ea9ad) Importer(815301076,1909f56bfc062723c751e8b465ee728b)  -> (artifact id: '6ea45a04384174b40b8501ed034b4fae') in 0.016083 seconds 
========================================================================
Received Import Request.
  Time since last request: 5.222753 seconds.
  path: Assets/JMO Assets/Cartoon FX/Materials/Animated/CFX_Anim_Poof_Add.mat
  artifactKey: Guid(e3d4119c3e4597d4b90fc27f1419ca4b) Importer(815301076,1909f56bfc062723c751e8b465ee728b)
Start importing Assets/JMO Assets/Cartoon FX/Materials/Animated/CFX_Anim_Poof_Add.mat using Guid(e3d4119c3e4597d4b90fc27f1419ca4b) Importer(815301076,1909f56bfc062723c751e8b465ee728b)  -> (artifact id: '18c2acb26ba646f24fcdf5fea63d335f') in 0.012404 seconds 
========================================================================
Received Import Request.
  Time since last request: 98.151755 seconds.
  path: Assets/Weld.prefab
  artifactKey: Guid(ca772ec5ff99f57458fdd3dadda00a7d) Importer(815301076,1909f56bfc062723c751e8b465ee728b)
Start importing Assets/Weld.prefab using Guid(ca772ec5ff99f57458fdd3dadda00a7d) Importer(815301076,1909f56bfc062723c751e8b465ee728b)  -> (artifact id: 'a69ac96aaf9f739b7d036cd26b08f55c') in 0.023245 seconds 
========================================================================
Received Prepare
Registering precompiled user dll's ...
Registered in 0.005176 seconds.
Begin MonoManager ReloadAssembly
Native extension for WindowsStandalone target not found
Native extension for WebGL target not found
Refreshing native plugins compatible for Editor in 0.69 ms, found 4 plugins.
Preloading 1 native plugins for Editor in 0.11 ms.
NullReferenceException: Object reference not set to an instance of an object
  at Unity.XR.Oculus.OculusLoader.AssetPathToAbsolutePath (System.String assetPath) [0x00048] in C:\unity\welder\Library\PackageCache\com.unity.xr.oculus@1.9.1\Runtime\OculusLoader.cs:249 
  at Unity.XR.Oculus.OculusLoader.EditorLoadOVRPlugin () [0x0007b] in C:\unity\welder\Library\PackageCache\com.unity.xr.oculus@1.9.1\Runtime\OculusLoader.cs:234 

(Filename: Library/PackageCache/com.unity.xr.oculus@1.9.1/Runtime/OculusLoader.cs Line: 249)

Mono: successfully reloaded assembly
- Completed reload, in  0.922 seconds
Platform modules already initialized, skipping
Refreshing native plugins compatible for Editor in 0.76 ms, found 4 plugins.
Preloading 1 native plugins for Editor in 0.08 ms.
Unloading 3223 Unused Serialized files (Serialized files now loaded: 0)
System memory in use before: 200.3 MB.
System memory in use after: 200.5 MB.

Unloading 12 unused Assets to reduce memory usage. Loaded Objects now: 3779.
Total: 2.638700 ms (FindLiveObjects: 0.388800 ms CreateObjectMapping: 0.321500 ms MarkObjects: 1.883500 ms  DeleteObjects: 0.044000 ms)

========================================================================
Received Import Request.
  Time since last request: 21.301242 seconds.
  path: Assets/Weld.prefab
  artifactKey: Guid(ca772ec5ff99f57458fdd3dadda00a7d) Importer(815301076,1909f56bfc062723c751e8b465ee728b)
Start importing Assets/Weld.prefab using Guid(ca772ec5ff99f57458fdd3dadda00a7d) Importer(815301076,1909f56bfc062723c751e8b465ee728b)  -> (artifact id: 'ccd21262dc76ab4e8a90127ac306317a') in 0.064562 seconds 
========================================================================
Received Import Request.
  Time since last request: 5.213271 seconds.
  path: Assets/Weld.prefab
  artifactKey: Guid(ca772ec5ff99f57458fdd3dadda00a7d) Importer(815301076,1909f56bfc062723c751e8b465ee728b)
Start importing Assets/Weld.prefab using Guid(ca772ec5ff99f57458fdd3dadda00a7d) Importer(815301076,1909f56bfc062723c751e8b465ee728b)  -> (artifact id: '7eae4f0c8877732d58bc479201208df5') in 0.015058 seconds 
========================================================================
Received Import Request.
  Time since last request: 1.793167 seconds.
  path: Assets/Weld.prefab
  artifactKey: Guid(ca772ec5ff99f57458fdd3dadda00a7d) Importer(815301076,1909f56bfc062723c751e8b465ee728b)
Start importing Assets/Weld.prefab using Guid(ca772ec5ff99f57458fdd3dadda00a7d) Importer(815301076,1909f56bfc062723c751e8b465ee728b)  -> (artifact id: '6e4ebfe33bf0d173beef702dfa50e539') in 0.016349 seconds 
========================================================================
Received Import Request.
  Time since last request: 3.836144 seconds.
  path: Assets/Weld.prefab
  artifactKey: Guid(ca772ec5ff99f57458fdd3dadda00a7d) Importer(815301076,1909f56bfc062723c751e8b465ee728b)
Start importing Assets/Weld.prefab using Guid(ca772ec5ff99f57458fdd3dadda00a7d) Importer(815301076,1909f56bfc062723c751e8b465ee728b)  -> (artifact id: '228810446068f98fd4eff4bec4e4c851') in 0.013289 seconds 
========================================================================
Received Import Request.
  Time since last request: 10.094194 seconds.
  path: Assets/Weld.prefab
  artifactKey: Guid(ca772ec5ff99f57458fdd3dadda00a7d) Importer(815301076,1909f56bfc062723c751e8b465ee728b)
Start importing Assets/Weld.prefab using Guid(ca772ec5ff99f57458fdd3dadda00a7d) Importer(815301076,1909f56bfc062723c751e8b465ee728b)  -> (artifact id: 'a7ed72d2cadcdbbe36bde2f436c62221') in 0.015643 seconds 
========================================================================
Received Import Request.
  Time since last request: 7.462364 seconds.
  path: Assets/Weld.prefab
  artifactKey: Guid(ca772ec5ff99f57458fdd3dadda00a7d) Importer(815301076,1909f56bfc062723c751e8b465ee728b)
Start importing Assets/Weld.prefab using Guid(ca772ec5ff99f57458fdd3dadda00a7d) Importer(815301076,1909f56bfc062723c751e8b465ee728b)  -> (artifact id: 'db521fea15a4634d9a2e60aa7ea5d85d') in 0.013861 seconds 
========================================================================
Received Prepare
Registering precompiled user dll's ...
Registered in 0.004770 seconds.
Begin MonoManager ReloadAssembly
Native extension for WindowsStandalone target not found
Native extension for WebGL target not found
Refreshing native plugins compatible for Editor in 0.70 ms, found 4 plugins.
Preloading 1 native plugins for Editor in 0.10 ms.
NullReferenceException: Object reference not set to an instance of an object
  at Unity.XR.Oculus.OculusLoader.AssetPathToAbsolutePath (System.String assetPath) [0x00048] in C:\unity\welder\Library\PackageCache\com.unity.xr.oculus@1.9.1\Runtime\OculusLoader.cs:249 
  at Unity.XR.Oculus.OculusLoader.EditorLoadOVRPlugin () [0x0007b] in C:\unity\welder\Library\PackageCache\com.unity.xr.oculus@1.9.1\Runtime\OculusLoader.cs:234 

(Filename: Library/PackageCache/com.unity.xr.oculus@1.9.1/Runtime/OculusLoader.cs Line: 249)

Mono: successfully reloaded assembly
- Completed reload, in  0.928 seconds
Platform modules already initialized, skipping
Refreshing native plugins compatible for Editor in 0.70 ms, found 4 plugins.
Preloading 1 native plugins for Editor in 0.09 ms.
Unloading 3223 Unused Serialized files (Serialized files now loaded: 0)
System memory in use before: 200.3 MB.
System memory in use after: 200.5 MB.

Unloading 12 unused Assets to reduce memory usage. Loaded Objects now: 3784.
Total: 3.126100 ms (FindLiveObjects: 0.303900 ms CreateObjectMapping: 0.213800 ms MarkObjects: 2.560700 ms  DeleteObjects: 0.046600 ms)

========================================================================
Received Import Request.
  Time since last request: 58.321979 seconds.
  path: Assets/Weld.prefab
  artifactKey: Guid(ca772ec5ff99f57458fdd3dadda00a7d) Importer(815301076,1909f56bfc062723c751e8b465ee728b)
Start importing Assets/Weld.prefab using Guid(ca772ec5ff99f57458fdd3dadda00a7d) Importer(815301076,1909f56bfc062723c751e8b465ee728b)  -> (artifact id: 'f51260d1ad0d5ae820ff84b9fc3431b1') in 0.064286 seconds 
========================================================================
Received Prepare
Registering precompiled user dll's ...
Registered in 0.004676 seconds.
Begin MonoManager ReloadAssembly
Native extension for WindowsStandalone target not found
Native extension for WebGL target not found
Refreshing native plugins compatible for Editor in 0.69 ms, found 4 plugins.
Preloading 1 native plugins for Editor in 0.10 ms.
NullReferenceException: Object reference not set to an instance of an object
  at Unity.XR.Oculus.OculusLoader.AssetPathToAbsolutePath (System.String assetPath) [0x00048] in C:\unity\welder\Library\PackageCache\com.unity.xr.oculus@1.9.1\Runtime\OculusLoader.cs:249 
  at Unity.XR.Oculus.OculusLoader.EditorLoadOVRPlugin () [0x0007b] in C:\unity\welder\Library\PackageCache\com.unity.xr.oculus@1.9.1\Runtime\OculusLoader.cs:234 

(Filename: Library/PackageCache/com.unity.xr.oculus@1.9.1/Runtime/OculusLoader.cs Line: 249)

Mono: successfully reloaded assembly
- Completed reload, in  0.920 seconds
Platform modules already initialized, skipping
Refreshing native plugins compatible for Editor in 0.82 ms, found 4 plugins.
Preloading 1 native plugins for Editor in 0.10 ms.
Unloading 3223 Unused Serialized files (Serialized files now loaded: 0)
System memory in use before: 200.4 MB.
System memory in use after: 200.6 MB.

Unloading 12 unused Assets to reduce memory usage. Loaded Objects now: 3789.
Total: 2.343300 ms (FindLiveObjects: 0.255500 ms CreateObjectMapping: 0.178200 ms MarkObjects: 1.865000 ms  DeleteObjects: 0.043800 ms)

========================================================================
Received Import Request.
  Time since last request: 35.789112 seconds.
  path: Assets/New Material 1.mat
  artifactKey: Guid(683d10955c2020b4ea6772cda0b1b4d1) Importer(815301076,1909f56bfc062723c751e8b465ee728b)
Start importing Assets/New Material 1.mat using Guid(683d10955c2020b4ea6772cda0b1b4d1) Importer(815301076,1909f56bfc062723c751e8b465ee728b)  -> (artifact id: '53b87e180cb63d0f6df0df68c2568deb') in 0.060406 seconds 
========================================================================
Received Import Request.
  Time since last request: 7.927166 seconds.
  path: Assets/box.mat
  artifactKey: Guid(683d10955c2020b4ea6772cda0b1b4d1) Importer(815301076,1909f56bfc062723c751e8b465ee728b)
Start importing Assets/box.mat using Guid(683d10955c2020b4ea6772cda0b1b4d1) Importer(815301076,1909f56bfc062723c751e8b465ee728b)  -> (artifact id: '808c009970d846d344df8e1291d86de1') in 0.010543 seconds 
========================================================================
Received Import Request.
  Time since last request: 2.305734 seconds.
  path: Assets/Metal_Corroded_vbvndjxs_8K_surface_ms/New Material 1.mat
  artifactKey: Guid(f4d56b911455e394ba8081770cd6d37a) Importer(815301076,1909f56bfc062723c751e8b465ee728b)
Start importing Assets/Metal_Corroded_vbvndjxs_8K_surface_ms/New Material 1.mat using Guid(f4d56b911455e394ba8081770cd6d37a) Importer(815301076,1909f56bfc062723c751e8b465ee728b)  -> (artifact id: 'f8924f75d0d004ff3c0aa847ed275ba7') in 0.013319 seconds 
========================================================================
Received Import Request.
  Time since last request: 15.025084 seconds.
  path: Assets/Metal_Corroded_vbvndjxs_8K_surface_ms/vbvndjxs_8K_Normal.jpg
  artifactKey: Guid(7e66954bfac487748831efecef0d5b2c) Importer(815301076,1909f56bfc062723c751e8b465ee728b)
Start importing Assets/Metal_Corroded_vbvndjxs_8K_surface_ms/vbvndjxs_8K_Normal.jpg using Guid(7e66954bfac487748831efecef0d5b2c) Importer(815301076,1909f56bfc062723c751e8b465ee728b)  -> (artifact id: '8e0b00a8469a20810f29b407894fe547') in 0.025777 seconds 
========================================================================
Received Prepare
Registering precompiled user dll's ...
Registered in 0.005034 seconds.
Begin MonoManager ReloadAssembly
Native extension for WindowsStandalone target not found
Native extension for WebGL target not found
Refreshing native plugins compatible for Editor in 0.83 ms, found 4 plugins.
Preloading 1 native plugins for Editor in 0.10 ms.
NullReferenceException: Object reference not set to an instance of an object
  at Unity.XR.Oculus.OculusLoader.AssetPathToAbsolutePath (System.String assetPath) [0x00048] in C:\unity\welder\Library\PackageCache\com.unity.xr.oculus@1.9.1\Runtime\OculusLoader.cs:249 
  at Unity.XR.Oculus.OculusLoader.EditorLoadOVRPlugin () [0x0007b] in C:\unity\welder\Library\PackageCache\com.unity.xr.oculus@1.9.1\Runtime\OculusLoader.cs:234 

(Filename: Library/PackageCache/com.unity.xr.oculus@1.9.1/Runtime/OculusLoader.cs Line: 249)

Mono: successfully reloaded assembly
- Completed reload, in  0.905 seconds
Platform modules already initialized, skipping
Refreshing native plugins compatible for Editor in 0.71 ms, found 4 plugins.
Preloading 1 native plugins for Editor in 0.08 ms.
Unloading 3224 Unused Serialized files (Serialized files now loaded: 0)
System memory in use before: 202.3 MB.
System memory in use after: 202.5 MB.

Unloading 12 unused Assets to reduce memory usage. Loaded Objects now: 3812.
Total: 2.361600 ms (FindLiveObjects: 0.281800 ms CreateObjectMapping: 0.172000 ms MarkObjects: 1.848300 ms  DeleteObjects: 0.058600 ms)

========================================================================
Received Prepare
Registering precompiled user dll's ...
Registered in 0.004843 seconds.
Begin MonoManager ReloadAssembly
Native extension for WindowsStandalone target not found
Native extension for WebGL target not found
Refreshing native plugins compatible for Editor in 0.74 ms, found 4 plugins.
Preloading 1 native plugins for Editor in 0.12 ms.
NullReferenceException: Object reference not set to an instance of an object
  at Unity.XR.Oculus.OculusLoader.AssetPathToAbsolutePath (System.String assetPath) [0x00048] in C:\unity\welder\Library\PackageCache\com.unity.xr.oculus@1.9.1\Runtime\OculusLoader.cs:249 
  at Unity.XR.Oculus.OculusLoader.EditorLoadOVRPlugin () [0x0007b] in C:\unity\welder\Library\PackageCache\com.unity.xr.oculus@1.9.1\Runtime\OculusLoader.cs:234 

(Filename: Library/PackageCache/com.unity.xr.oculus@1.9.1/Runtime/OculusLoader.cs Line: 249)

Mono: successfully reloaded assembly
- Completed reload, in  0.964 seconds
Platform modules already initialized, skipping
Refreshing native plugins compatible for Editor in 0.81 ms, found 4 plugins.
Preloading 1 native plugins for Editor in 0.08 ms.
Unloading 3223 Unused Serialized files (Serialized files now loaded: 0)
System memory in use before: 202.2 MB.
System memory in use after: 202.4 MB.

Unloading 12 unused Assets to reduce memory usage. Loaded Objects now: 3816.
Total: 2.274100 ms (FindLiveObjects: 0.272100 ms CreateObjectMapping: 0.190600 ms MarkObjects: 1.763100 ms  DeleteObjects: 0.047400 ms)

========================================================================
Received Prepare
Registering precompiled user dll's ...
Registered in 0.004869 seconds.
Begin MonoManager ReloadAssembly
Native extension for WindowsStandalone target not found
Native extension for WebGL target not found
Refreshing native plugins compatible for Editor in 0.73 ms, found 4 plugins.
Preloading 1 native plugins for Editor in 0.09 ms.
NullReferenceException: Object reference not set to an instance of an object
  at Unity.XR.Oculus.OculusLoader.AssetPathToAbsolutePath (System.String assetPath) [0x00048] in C:\unity\welder\Library\PackageCache\com.unity.xr.oculus@1.9.1\Runtime\OculusLoader.cs:249 
  at Unity.XR.Oculus.OculusLoader.EditorLoadOVRPlugin () [0x0007b] in C:\unity\welder\Library\PackageCache\com.unity.xr.oculus@1.9.1\Runtime\OculusLoader.cs:234 

(Filename: Library/PackageCache/com.unity.xr.oculus@1.9.1/Runtime/OculusLoader.cs Line: 249)

Mono: successfully reloaded assembly
- Completed reload, in  0.936 seconds
Platform modules already initialized, skipping
Refreshing native plugins compatible for Editor in 0.69 ms, found 4 plugins.
Preloading 1 native plugins for Editor in 0.08 ms.
Unloading 3223 Unused Serialized files (Serialized files now loaded: 0)
System memory in use before: 202.2 MB.
System memory in use after: 202.4 MB.

Unloading 12 unused Assets to reduce memory usage. Loaded Objects now: 3820.
Total: 2.678500 ms (FindLiveObjects: 0.300500 ms CreateObjectMapping: 0.163700 ms MarkObjects: 2.161800 ms  DeleteObjects: 0.051300 ms)

========================================================================
Received Import Request.
  Time since last request: 263.698761 seconds.
  path: Assets/Metal_Corroded_vbvndjxs_8K_surface_ms/box.mat
  artifactKey: Guid(683d10955c2020b4ea6772cda0b1b4d1) Importer(815301076,1909f56bfc062723c751e8b465ee728b)
Start importing Assets/Metal_Corroded_vbvndjxs_8K_surface_ms/box.mat using Guid(683d10955c2020b4ea6772cda0b1b4d1) Importer(815301076,1909f56bfc062723c751e8b465ee728b)  -> (artifact id: 'df410b53b37afb47445fb18dbc54cd10') in 0.065675 seconds 
========================================================================
Received Import Request.
  Time since last request: 3.264081 seconds.
  path: Assets/Metal_Corroded_vbvndjxs_8K_surface_ms/Cube.prefab
  artifactKey: Guid(f6b3f53a94c1d0144a73ff35a32a3612) Importer(815301076,1909f56bfc062723c751e8b465ee728b)
Start importing Assets/Metal_Corroded_vbvndjxs_8K_surface_ms/Cube.prefab using Guid(f6b3f53a94c1d0144a73ff35a32a3612) Importer(815301076,1909f56bfc062723c751e8b465ee728b)  -> (artifact id: '839d3763602a7d25649361451dcb1ea0') in 0.019736 seconds 
========================================================================
Received Prepare
Registering precompiled user dll's ...
Registered in 0.004824 seconds.
Begin MonoManager ReloadAssembly
Native extension for WindowsStandalone target not found
Native extension for WebGL target not found
Refreshing native plugins compatible for Editor in 0.78 ms, found 4 plugins.
Preloading 1 native plugins for Editor in 0.19 ms.
NullReferenceException: Object reference not set to an instance of an object
  at Unity.XR.Oculus.OculusLoader.AssetPathToAbsolutePath (System.String assetPath) [0x00048] in C:\unity\welder\Library\PackageCache\com.unity.xr.oculus@1.9.1\Runtime\OculusLoader.cs:249 
  at Unity.XR.Oculus.OculusLoader.EditorLoadOVRPlugin () [0x0007b] in C:\unity\welder\Library\PackageCache\com.unity.xr.oculus@1.9.1\Runtime\OculusLoader.cs:234 

(Filename: Library/PackageCache/com.unity.xr.oculus@1.9.1/Runtime/OculusLoader.cs Line: 249)

Mono: successfully reloaded assembly
- Completed reload, in  0.915 seconds
Platform modules already initialized, skipping
Refreshing native plugins compatible for Editor in 0.71 ms, found 4 plugins.
Preloading 1 native plugins for Editor in 0.08 ms.
Unloading 3223 Unused Serialized files (Serialized files now loaded: 0)
System memory in use before: 202.3 MB.
System memory in use after: 202.5 MB.

Unloading 12 unused Assets to reduce memory usage. Loaded Objects now: 3826.
Total: 2.978500 ms (FindLiveObjects: 0.278800 ms CreateObjectMapping: 0.144700 ms MarkObjects: 2.505300 ms  DeleteObjects: 0.048900 ms)

========================================================================
Received Prepare
Registering precompiled user dll's ...
Registered in 0.004960 seconds.
Begin MonoManager ReloadAssembly
Native extension for WindowsStandalone target not found
Native extension for WebGL target not found
Refreshing native plugins compatible for Editor in 0.74 ms, found 4 plugins.
Preloading 1 native plugins for Editor in 0.11 ms.
NullReferenceException: Object reference not set to an instance of an object
  at Unity.XR.Oculus.OculusLoader.AssetPathToAbsolutePath (System.String assetPath) [0x00048] in C:\unity\welder\Library\PackageCache\com.unity.xr.oculus@1.9.1\Runtime\OculusLoader.cs:249 
  at Unity.XR.Oculus.OculusLoader.EditorLoadOVRPlugin () [0x0007b] in C:\unity\welder\Library\PackageCache\com.unity.xr.oculus@1.9.1\Runtime\OculusLoader.cs:234 

(Filename: Library/PackageCache/com.unity.xr.oculus@1.9.1/Runtime/OculusLoader.cs Line: 249)

Mono: successfully reloaded assembly
- Completed reload, in  0.945 seconds
Platform modules already initialized, skipping
Refreshing native plugins compatible for Editor in 0.72 ms, found 4 plugins.
Preloading 1 native plugins for Editor in 0.09 ms.
Unloading 3223 Unused Serialized files (Serialized files now loaded: 0)
System memory in use before: 202.3 MB.
System memory in use after: 202.5 MB.

Unloading 12 unused Assets to reduce memory usage. Loaded Objects now: 3830.
Total: 2.881100 ms (FindLiveObjects: 0.311500 ms CreateObjectMapping: 0.194000 ms MarkObjects: 2.321400 ms  DeleteObjects: 0.053100 ms)

========================================================================
Received Prepare
Registering precompiled user dll's ...
Registered in 0.004590 seconds.
Begin MonoManager ReloadAssembly
Native extension for WindowsStandalone target not found
Native extension for WebGL target not found
Refreshing native plugins compatible for Editor in 0.75 ms, found 4 plugins.
Preloading 1 native plugins for Editor in 0.09 ms.
NullReferenceException: Object reference not set to an instance of an object
  at Unity.XR.Oculus.OculusLoader.AssetPathToAbsolutePath (System.String assetPath) [0x00048] in C:\unity\welder\Library\PackageCache\com.unity.xr.oculus@1.9.1\Runtime\OculusLoader.cs:249 
  at Unity.XR.Oculus.OculusLoader.EditorLoadOVRPlugin () [0x0007b] in C:\unity\welder\Library\PackageCache\com.unity.xr.oculus@1.9.1\Runtime\OculusLoader.cs:234 

(Filename: Library/PackageCache/com.unity.xr.oculus@1.9.1/Runtime/OculusLoader.cs Line: 249)

Mono: successfully reloaded assembly
- Completed reload, in  0.951 seconds
Platform modules already initialized, skipping
Refreshing native plugins compatible for Editor in 0.71 ms, found 4 plugins.
Preloading 1 native plugins for Editor in 0.08 ms.
Unloading 3223 Unused Serialized files (Serialized files now loaded: 0)
System memory in use before: 202.3 MB.
System memory in use after: 202.5 MB.

Unloading 12 unused Assets to reduce memory usage. Loaded Objects now: 3834.
Total: 2.751000 ms (FindLiveObjects: 0.271800 ms CreateObjectMapping: 0.168100 ms MarkObjects: 2.263300 ms  DeleteObjects: 0.046900 ms)

========================================================================
Received Prepare
Registering precompiled user dll's ...
Registered in 0.004658 seconds.
Begin MonoManager ReloadAssembly
Native extension for WindowsStandalone target not found
Native extension for WebGL target not found
Refreshing native plugins compatible for Editor in 0.73 ms, found 4 plugins.
Preloading 1 native plugins for Editor in 0.08 ms.
NullReferenceException: Object reference not set to an instance of an object
  at Unity.XR.Oculus.OculusLoader.AssetPathToAbsolutePath (System.String assetPath) [0x00048] in C:\unity\welder\Library\PackageCache\com.unity.xr.oculus@1.9.1\Runtime\OculusLoader.cs:249 
  at Unity.XR.Oculus.OculusLoader.EditorLoadOVRPlugin () [0x0007b] in C:\unity\welder\Library\PackageCache\com.unity.xr.oculus@1.9.1\Runtime\OculusLoader.cs:234 

(Filename: Library/PackageCache/com.unity.xr.oculus@1.9.1/Runtime/OculusLoader.cs Line: 249)

Mono: successfully reloaded assembly
- Completed reload, in  0.939 seconds
Platform modules already initialized, skipping
Refreshing native plugins compatible for Editor in 0.69 ms, found 4 plugins.
Preloading 1 native plugins for Editor in 0.08 ms.
Unloading 3223 Unused Serialized files (Serialized files now loaded: 0)
System memory in use before: 202.3 MB.
System memory in use after: 202.5 MB.

Unloading 12 unused Assets to reduce memory usage. Loaded Objects now: 3838.
Total: 2.599200 ms (FindLiveObjects: 0.253200 ms CreateObjectMapping: 0.159900 ms MarkObjects: 2.130900 ms  DeleteObjects: 0.054200 ms)

========================================================================
Received Prepare
Registering precompiled user dll's ...
Registered in 0.006685 seconds.
Begin MonoManager ReloadAssembly
Native extension for WindowsStandalone target not found
Native extension for WebGL target not found
Refreshing native plugins compatible for Editor in 0.74 ms, found 4 plugins.
Preloading 1 native plugins for Editor in 0.10 ms.
NullReferenceException: Object reference not set to an instance of an object
  at Unity.XR.Oculus.OculusLoader.AssetPathToAbsolutePath (System.String assetPath) [0x00048] in C:\unity\welder\Library\PackageCache\com.unity.xr.oculus@1.9.1\Runtime\OculusLoader.cs:249 
  at Unity.XR.Oculus.OculusLoader.EditorLoadOVRPlugin () [0x0007b] in C:\unity\welder\Library\PackageCache\com.unity.xr.oculus@1.9.1\Runtime\OculusLoader.cs:234 

(Filename: Library/PackageCache/com.unity.xr.oculus@1.9.1/Runtime/OculusLoader.cs Line: 249)

Mono: successfully reloaded assembly
- Completed reload, in  0.965 seconds
Platform modules already initialized, skipping
Refreshing native plugins compatible for Editor in 0.70 ms, found 4 plugins.
Preloading 1 native plugins for Editor in 0.08 ms.
Unloading 3223 Unused Serialized files (Serialized files now loaded: 0)
System memory in use before: 202.3 MB.
System memory in use after: 202.5 MB.

Unloading 12 unused Assets to reduce memory usage. Loaded Objects now: 3842.
Total: 2.816200 ms (FindLiveObjects: 0.289800 ms CreateObjectMapping: 0.159700 ms MarkObjects: 2.317600 ms  DeleteObjects: 0.048100 ms)

========================================================================
Received Prepare
Registering precompiled user dll's ...
Registered in 0.004673 seconds.
Begin MonoManager ReloadAssembly
Native extension for WindowsStandalone target not found
Native extension for WebGL target not found
Refreshing native plugins compatible for Editor in 0.69 ms, found 4 plugins.
Preloading 1 native plugins for Editor in 0.08 ms.
NullReferenceException: Object reference not set to an instance of an object
  at Unity.XR.Oculus.OculusLoader.AssetPathToAbsolutePath (System.String assetPath) [0x00048] in C:\unity\welder\Library\PackageCache\com.unity.xr.oculus@1.9.1\Runtime\OculusLoader.cs:249 
  at Unity.XR.Oculus.OculusLoader.EditorLoadOVRPlugin () [0x0007b] in C:\unity\welder\Library\PackageCache\com.unity.xr.oculus@1.9.1\Runtime\OculusLoader.cs:234 

(Filename: Library/PackageCache/com.unity.xr.oculus@1.9.1/Runtime/OculusLoader.cs Line: 249)

Mono: successfully reloaded assembly
- Completed reload, in  0.917 seconds
Platform modules already initialized, skipping
Refreshing native plugins compatible for Editor in 0.68 ms, found 4 plugins.
Preloading 1 native plugins for Editor in 0.08 ms.
Unloading 3223 Unused Serialized files (Serialized files now loaded: 0)
System memory in use before: 202.3 MB.
System memory in use after: 202.5 MB.

Unloading 12 unused Assets to reduce memory usage. Loaded Objects now: 3846.
Total: 2.711400 ms (FindLiveObjects: 0.255800 ms CreateObjectMapping: 0.163400 ms MarkObjects: 2.241500 ms  DeleteObjects: 0.049900 ms)

========================================================================
Received Prepare
Registering precompiled user dll's ...
Registered in 0.004787 seconds.
Begin MonoManager ReloadAssembly
Native extension for WindowsStandalone target not found
Native extension for WebGL target not found
Refreshing native plugins compatible for Editor in 0.72 ms, found 4 plugins.
Preloading 1 native plugins for Editor in 0.09 ms.
NullReferenceException: Object reference not set to an instance of an object
  at Unity.XR.Oculus.OculusLoader.AssetPathToAbsolutePath (System.String assetPath) [0x00048] in C:\unity\welder\Library\PackageCache\com.unity.xr.oculus@1.9.1\Runtime\OculusLoader.cs:249 
  at Unity.XR.Oculus.OculusLoader.EditorLoadOVRPlugin () [0x0007b] in C:\unity\welder\Library\PackageCache\com.unity.xr.oculus@1.9.1\Runtime\OculusLoader.cs:234 

(Filename: Library/PackageCache/com.unity.xr.oculus@1.9.1/Runtime/OculusLoader.cs Line: 249)

Mono: successfully reloaded assembly
- Completed reload, in  1.057 seconds
Platform modules already initialized, skipping
Switching build target platform(19) subTarget(0) extendedPlatform(0) -> platform(13) subTarget(524288) extendedPlatform(0)
Refreshing native plugins compatible for Editor in 0.68 ms, found 4 plugins.
Preloading 1 native plugins for Editor in 0.13 ms.
Unloading 3227 Unused Serialized files (Serialized files now loaded: 0)
System memory in use before: 201.6 MB.
System memory in use after: 201.8 MB.

Unloading 12 unused Assets to reduce memory usage. Loaded Objects now: 3850.
Total: 2.785200 ms (FindLiveObjects: 0.297800 ms CreateObjectMapping: 0.160700 ms MarkObjects: 2.282500 ms  DeleteObjects: 0.043400 ms)

AssetImportParameters requested are different than current active one (requested -> active):
  custom:graphics/normal-map-encoding: 01000000000000000000000000000000 -> 02000000000000000000000000000000
========================================================================
Received Prepare
Refreshing native plugins compatible for Editor in 2.39 ms, found 4 plugins.
Preloading 1 native plugins for Editor in 0.07 ms.
Unloading 9 Unused Serialized files (Serialized files now loaded: 0)
System memory in use before: 137.9 MB.
System memory in use after: 138.1 MB.

Unloading 9 unused Assets to reduce memory usage. Loaded Objects now: 3850.
Total: 2.581800 ms (FindLiveObjects: 0.269500 ms CreateObjectMapping: 0.165900 ms MarkObjects: 2.109200 ms  DeleteObjects: 0.036300 ms)

========================================================================
Received Prepare
Refreshing native plugins compatible for Editor in 2.17 ms, found 4 plugins.
Preloading 1 native plugins for Editor in 0.07 ms.
Unloading 9 Unused Serialized files (Serialized files now loaded: 0)
System memory in use before: 137.9 MB.
System memory in use after: 138.1 MB.

Unloading 9 unused Assets to reduce memory usage. Loaded Objects now: 3850.
Total: 2.757600 ms (FindLiveObjects: 0.299700 ms CreateObjectMapping: 0.188700 ms MarkObjects: 2.223500 ms  DeleteObjects: 0.044900 ms)

========================================================================
Received Import Request.
  Time since last request: 279.357902 seconds.
  path: Assets/Metal_Corroded_vbvndjxs_8K_surface_ms/Metal_Corroded_vbvndjxs_surface_Preview.png
  artifactKey: Guid(2803a09ded34f8e4fade3436f86d8af6) Importer(815301076,1909f56bfc062723c751e8b465ee728b)
Start importing Assets/Metal_Corroded_vbvndjxs_8K_surface_ms/Metal_Corroded_vbvndjxs_surface_Preview.png using Guid(2803a09ded34f8e4fade3436f86d8af6) Importer(815301076,1909f56bfc062723c751e8b465ee728b)  -> (artifact id: 'ae205206af9ca9c5583d27d518cead2d') in 0.095901 seconds 
========================================================================
Received Import Request.
  Time since last request: 0.000276 seconds.
  path: Assets/Metal_Corroded_vbvndjxs_8K_surface_ms/vbvndjxs_8K_Displacement.exr
  artifactKey: Guid(31e5e6903eddd504d80cf9e84e618b67) Importer(815301076,1909f56bfc062723c751e8b465ee728b)
Start importing Assets/Metal_Corroded_vbvndjxs_8K_surface_ms/vbvndjxs_8K_Displacement.exr using Guid(31e5e6903eddd504d80cf9e84e618b67) Importer(815301076,1909f56bfc062723c751e8b465ee728b)  -> (artifact id: 'f73c7bf0e547faee1b4cb527b1f88b1a') in 0.053452 seconds 
========================================================================
Received Import Request.
  Time since last request: 0.000265 seconds.
  path: Assets/Metal_Corroded_vbvndjxs_8K_surface_ms/vbvndjxs_8K_Normal.jpg
  artifactKey: Guid(7e66954bfac487748831efecef0d5b2c) Importer(815301076,1909f56bfc062723c751e8b465ee728b)
Start importing Assets/Metal_Corroded_vbvndjxs_8K_surface_ms/vbvndjxs_8K_Normal.jpg using Guid(7e66954bfac487748831efecef0d5b2c) Importer(815301076,1909f56bfc062723c751e8b465ee728b)  -> (artifact id: 'da880d169742bd581a6f45207e2a15e1') in 0.012232 seconds 
========================================================================
Received Import Request.
  Time since last request: 0.000492 seconds.
  path: Assets/Metal_Corroded_vbvndjxs_8K_surface_ms/vbvndjxs_8K_Displacement.jpg
  artifactKey: Guid(46bd2d20052976f4d90662b05a2db122) Importer(815301076,1909f56bfc062723c751e8b465ee728b)
Start importing Assets/Metal_Corroded_vbvndjxs_8K_surface_ms/vbvndjxs_8K_Displacement.jpg using Guid(46bd2d20052976f4d90662b05a2db122) Importer(815301076,1909f56bfc062723c751e8b465ee728b)  -> (artifact id: 'cd61a2650ef7ef75c4fc0aa460a1a24f') in 0.033621 seconds 
========================================================================
Received Import Request.
  Time since last request: 0.000206 seconds.
  path: Assets/Metal_Corroded_vbvndjxs_8K_surface_ms/vbvndjxs_8K_AO.jpg
  artifactKey: Guid(3f3b8c03a6380c84faf442588ae91db9) Importer(815301076,1909f56bfc062723c751e8b465ee728b)
Start importing Assets/Metal_Corroded_vbvndjxs_8K_surface_ms/vbvndjxs_8K_AO.jpg using Guid(3f3b8c03a6380c84faf442588ae91db9) Importer(815301076,1909f56bfc062723c751e8b465ee728b)  -> (artifact id: 'e4373cba5ceb265e2f3ba8117bfea269') in 0.027201 seconds 
========================================================================
Received Import Request.
  Time since last request: 0.000251 seconds.
  path: Assets/Metal_Corroded_vbvndjxs_8K_surface_ms/vbvndjxs_8K_Roughness.jpg
  artifactKey: Guid(006231052797cf14bbedcb65692e610a) Importer(815301076,1909f56bfc062723c751e8b465ee728b)
Start importing Assets/Metal_Corroded_vbvndjxs_8K_surface_ms/vbvndjxs_8K_Roughness.jpg using Guid(006231052797cf14bbedcb65692e610a) Importer(815301076,1909f56bfc062723c751e8b465ee728b)  -> (artifact id: '6d75e7873967498a8368213a00f23739') in 0.036120 seconds 
========================================================================
Received Import Request.
  Time since last request: 0.000212 seconds.
  path: Assets/Metal_Corroded_vbvndjxs_8K_surface_ms/vbvndjxs_8K_Albedo.jpg
  artifactKey: Guid(b45839dd660949c44a180dc4869b10f7) Importer(815301076,1909f56bfc062723c751e8b465ee728b)
Start importing Assets/Metal_Corroded_vbvndjxs_8K_surface_ms/vbvndjxs_8K_Albedo.jpg using Guid(b45839dd660949c44a180dc4869b10f7) Importer(815301076,1909f56bfc062723c751e8b465ee728b)  -> (artifact id: '233cfef1d2d5a014b6f481312a13ce99') in 0.036412 seconds 
========================================================================
Received Prepare
Refreshing native plugins compatible for Editor in 5.14 ms, found 4 plugins.
Preloading 1 native plugins for Editor in 0.25 ms.
Unloading 9 Unused Serialized files (Serialized files now loaded: 0)
System memory in use before: 138.3 MB.
System memory in use after: 138.5 MB.

Unloading 9 unused Assets to reduce memory usage. Loaded Objects now: 3860.
Total: 11.066100 ms (FindLiveObjects: 0.494800 ms CreateObjectMapping: 0.233700 ms MarkObjects: 8.371300 ms  DeleteObjects: 0.127400 ms)

AssetImportWorkerClient::OnTransportError - code=2 error=End of file
